TN:
SF:/Users/crelias/workspace/dojo/Gilded-Rose-Kata/js/src/GildedRose.js
FN:2,GildedRose
FN:9,(anonymous_7)
FN:99,(anonymous_16)
FNF:3
FNH:2
FNDA:3,GildedRose
FNDA:165,(anonymous_7)
FNDA:0,(anonymous_16)
DA:2,3
DA:3,3
DA:4,3
DA:5,3
DA:8,33
DA:9,165
DA:13,165
DA:14,165
DA:16,165
DA:17,27
DA:22,165
DA:24,33
DA:27,33
DA:28,33
DA:31,33
DA:33,33
DA:34,33
DA:37,33
DA:38,18
DA:40,33
DA:43,66
DA:44,66
DA:49,27
DA:51,0
DA:54,3
DA:55,3
DA:58,3
DA:59,3
DA:62,21
DA:63,21
DA:68,165
DA:70,33
DA:75,132
DA:76,132
DA:81,120
DA:82,114
DA:87,87
DA:88,57
DA:93,165
DA:97,0
DA:99,0
DA:100,0
DA:101,0
DA:104,0
LF:44
LH:38
BRDA:16,0,0,27
BRDA:16,0,1,138
BRDA:23,1,0,33
BRDA:23,1,1,33
BRDA:23,1,2,33
BRDA:23,1,3,66
BRDA:33,2,0,33
BRDA:33,2,1,0
BRDA:37,3,0,18
BRDA:37,3,1,15
BRDA:50,4,0,0
BRDA:50,4,1,3
BRDA:50,4,2,3
BRDA:50,4,3,21
BRDA:69,5,0,33
BRDA:69,5,1,33
BRDA:69,5,2,66
BRDA:69,5,3,132
BRDA:81,6,0,114
BRDA:81,6,1,6
BRDA:87,7,0,57
BRDA:87,7,1,30
BRF:22
BRH:20
end_of_record
TN:
SF:/Users/crelias/workspace/dojo/Gilded-Rose-Kata/js/src/Item.js
FN:2,Item
FNF:1
FNH:1
FNDA:15,Item
DA:2,15
DA:3,15
DA:4,15
DA:5,15
DA:9,0
LF:5
LH:4
BRF:0
BRH:0
end_of_record
